# JRE version: Java(TM) SE Runtime Environment (8.0_131-b11) (build 1.8.0_131-b11)
# Java VM: Java HotSpot(TM) 64-Bit Server VM (25.131-b11 mixed mode linux-amd64 compressed oops)
Heap:
 PSYoungGen      total 6656K, used 6144K [0x00000000ebc00000, 0x00000000ecf00000, 0x0000000100000000)
  eden space 6144K, 100% used [0x00000000ebc00000,0x00000000ec200000,0x00000000ec200000)
  from space 512K, 0% used [0x00000000ec200000,0x00000000ec200000,0x00000000ec280000)
  to   space 3584K, 72% used [0x00000000ecb80000,0x00000000ece0ac58,0x00000000ecf00000)
 ParOldGen       total 11264K, used 5318K [0x00000000c3400000, 0x00000000c3f00000, 0x00000000ebc00000)
  object space 11264K, 47% used [0x00000000c3400000,0x00000000c39319a8,0x00000000c3f00000)
 Metaspace       used 7693K, capacity 8468K, committed 8704K, reserved 1056768K
  class space    used 933K, capacity 976K, committed 1024K, reserved 1048576K
GC Heap History (10 events):
Event: 0,311 GC heap after
Heap after GC invocations=2 (full 0):
 PSYoungGen      total 3584K, used 512K [0x00000000ebc00000, 0x00000000ec000000, 0x0000000100000000)
  eden space 3072K, 0% used [0x00000000ebc00000,0x00000000ebc00000,0x00000000ebf00000)
  from space 512K, 100% used [0x00000000ebf80000,0x00000000ec000000,0x00000000ec000000)
  to   space 512K, 0% used [0x00000000ebf00000,0x00000000ebf00000,0x00000000ebf80000)
 ParOldGen       total 5632K, used 168K [0x00000000c3400000, 0x00000000c3980000, 0x00000000ebc00000)
  object space 5632K, 2% used [0x00000000c3400000,0x00000000c342a020,0x00000000c3980000)
 Metaspace       used 4035K, capacity 5324K, committed 5504K, reserved 1056768K
  class space    used 479K, capacity 520K, committed 640K, reserved 1048576K
}
Event: 0,448 GC heap before
{Heap before GC invocations=3 (full 0):
 PSYoungGen      total 3584K, used 3584K [0x00000000ebc00000, 0x00000000ec000000, 0x0000000100000000)
  eden space 3072K, 100% used [0x00000000ebc00000,0x00000000ebf00000,0x00000000ebf00000)
  from space 512K, 100% used [0x00000000ebf80000,0x00000000ec000000,0x00000000ec000000)
  to   space 512K, 0% used [0x00000000ebf00000,0x00000000ebf00000,0x00000000ebf80000)
 ParOldGen       total 5632K, used 168K [0x00000000c3400000, 0x00000000c3980000, 0x00000000ebc00000)
  object space 5632K, 2% used [0x00000000c3400000,0x00000000c342a020,0x00000000c3980000)
 Metaspace       used 5112K, capacity 6348K, committed 6656K, reserved 1056768K
  class space    used 622K, capacity 648K, committed 768K, reserved 1048576K
Event: 0,451 GC heap after
Heap after GC invocations=3 (full 0):
 PSYoungGen      total 3584K, used 496K [0x00000000ebc00000, 0x00000000ec300000, 0x0000000100000000)
  eden space 3072K, 0% used [0x00000000ebc00000,0x00000000ebc00000,0x00000000ebf00000)
  from space 512K, 96% used [0x00000000ebf00000,0x00000000ebf7c020,0x00000000ebf80000)
  to   space 512K, 0% used [0x00000000ec280000,0x00000000ec280000,0x00000000ec300000)
 ParOldGen       total 5632K, used 504K [0x00000000c3400000, 0x00000000c3980000, 0x00000000ebc00000)
  object space 5632K, 8% used [0x00000000c3400000,0x00000000c347e070,0x00000000c3980000)
 Metaspace       used 5112K, capacity 6348K, committed 6656K, reserved 1056768K
  class space    used 622K, capacity 648K, committed 768K, reserved 1048576K
}
Event: 0,611 GC heap before
{Heap before GC invocations=4 (full 0):
 PSYoungGen      total 3584K, used 3542K [0x00000000ebc00000, 0x00000000ec300000, 0x0000000100000000)
  eden space 3072K, 99% used [0x00000000ebc00000,0x00000000ebef97e0,0x00000000ebf00000)
  from space 512K, 96% used [0x00000000ebf00000,0x00000000ebf7c020,0x00000000ebf80000)
  to   space 512K, 0% used [0x00000000ec280000,0x00000000ec280000,0x00000000ec300000)
 ParOldGen       total 5632K, used 504K [0x00000000c3400000, 0x00000000c3980000, 0x00000000ebc00000)
  object space 5632K, 8% used [0x00000000c3400000,0x00000000c347e070,0x00000000c3980000)
 Metaspace       used 6228K, capacity 7372K, committed 7552K, reserved 1056768K
  class space    used 771K, capacity 776K, committed 896K, reserved 1048576K
Event: 0,616 GC heap after
Heap after GC invocations=4 (full 0):
 PSYoungGen      total 6656K, used 495K [0x00000000ebc00000, 0x00000000ec300000, 0x0000000100000000)
  eden space 6144K, 0% used [0x00000000ebc00000,0x00000000ebc00000,0x00000000ec200000)
  from space 512K, 96% used [0x00000000ec280000,0x00000000ec2fbc30,0x00000000ec300000)
  to   space 512K, 0% used [0x00000000ec200000,0x00000000ec200000,0x00000000ec280000)
 ParOldGen       total 5632K, used 890K [0x00000000c3400000, 0x00000000c3980000, 0x00000000ebc00000)
  object space 5632K, 15% used [0x00000000c3400000,0x00000000c34de858,0x00000000c3980000)
 Metaspace       used 6228K, capacity 7372K, committed 7552K, reserved 1056768K
  class space    used 771K, capacity 776K, committed 896K, reserved 1048576K
}
Event: 0,849 GC heap before
{Heap before GC invocations=5 (full 0):
 PSYoungGen      total 6656K, used 6639K [0x00000000ebc00000, 0x00000000ec300000, 0x0000000100000000)
  eden space 6144K, 100% used [0x00000000ebc00000,0x00000000ec200000,0x00000000ec200000)
  from space 512K, 96% used [0x00000000ec280000,0x00000000ec2fbc30,0x00000000ec300000)
  to   space 512K, 0% used [0x00000000ec200000,0x00000000ec200000,0x00000000ec280000)
 ParOldGen       total 5632K, used 890K [0x00000000c3400000, 0x00000000c3980000, 0x00000000ebc00000)
  object space 5632K, 15% used [0x00000000c3400000,0x00000000c34de858,0x00000000c3980000)
 Metaspace       used 7239K, capacity 8148K, committed 8448K, reserved 1056768K
  class space    used 883K, capacity 912K, committed 1024K, reserved 1048576K
Event: 0,866 GC heap after
Heap after GC invocations=5 (full 0):
 PSYoungGen      total 6656K, used 480K [0x00000000ebc00000, 0x00000000ecf00000, 0x0000000100000000)
  eden space 6144K, 0% used [0x00000000ebc00000,0x00000000ebc00000,0x00000000ec200000)
  from space 512K, 93% used [0x00000000ec200000,0x00000000ec278010,0x00000000ec280000)
  to   space 3584K, 0% used [0x00000000ecb80000,0x00000000ecb80000,0x00000000ecf00000)
 ParOldGen       total 5632K, used 4917K [0x00000000c3400000, 0x00000000c3980000, 0x00000000ebc00000)
  object space 5632K, 87% used [0x00000000c3400000,0x00000000c38cd7e8,0x00000000c3980000)
 Metaspace       used 7239K, capacity 8148K, committed 8448K, reserved 1056768K
  class space    used 883K, capacity 912K, committed 1024K, reserved 1048576K
}
Event: 0,866 GC heap before
{Heap before GC invocations=6 (full 1):
 PSYoungGen      total 6656K, used 480K [0x00000000ebc00000, 0x00000000ecf00000, 0x0000000100000000)
  eden space 6144K, 0% used [0x00000000ebc00000,0x00000000ebc00000,0x00000000ec200000)
  from space 512K, 93% used [0x00000000ec200000,0x00000000ec278010,0x00000000ec280000)
  to   space 3584K, 0% used [0x00000000ecb80000,0x00000000ecb80000,0x00000000ecf00000)
 ParOldGen       total 5632K, used 4917K [0x00000000c3400000, 0x00000000c3980000, 0x00000000ebc00000)
  object space 5632K, 87% used [0x00000000c3400000,0x00000000c38cd7e8,0x00000000c3980000)
 Metaspace       used 7239K, capacity 8148K, committed 8448K, reserved 1056768K
  class space    used 883K, capacity 912K, committed 1024K, reserved 1048576K
Event: 0,920 GC heap after
Heap after GC invocations=6 (full 1):
 PSYoungGen      total 6656K, used 0K [0x00000000ebc00000, 0x00000000ecf00000, 0x0000000100000000)
  eden space 6144K, 0% used [0x00000000ebc00000,0x00000000ebc00000,0x00000000ec200000)
  from space 512K, 0% used [0x00000000ec200000,0x00000000ec200000,0x00000000ec280000)
  to   space 3584K, 0% used [0x00000000ecb80000,0x00000000ecb80000,0x00000000ecf00000)
 ParOldGen       total 11264K, used 5310K [0x00000000c3400000, 0x00000000c3f00000, 0x00000000ebc00000)
  object space 11264K, 47% used [0x00000000c3400000,0x00000000c392f9a8,0x00000000c3f00000)
 Metaspace       used 7239K, capacity 8148K, committed 8448K, reserved 1056768K
  class space    used 883K, capacity 912K, committed 1024K, reserved 1048576K
}
Event: 1,183 GC heap before
{Heap before GC invocations=7 (full 1):
 PSYoungGen      total 6656K, used 6144K [0x00000000ebc00000, 0x00000000ecf00000, 0x0000000100000000)
  eden space 6144K, 100% used [0x00000000ebc00000,0x00000000ec200000,0x00000000ec200000)
  from space 512K, 0% used [0x00000000ec200000,0x00000000ec200000,0x00000000ec280000)
  to   space 3584K, 0% used [0x00000000ecb80000,0x00000000ecb80000,0x00000000ecf00000)
 ParOldGen       total 11264K, used 5310K [0x00000000c3400000, 0x00000000c3f00000, 0x00000000ebc00000)
  object space 11264K, 47% used [0x00000000c3400000,0x00000000c392f9a8,0x00000000c3f00000)
 Metaspace       used 7693K, capacity 8468K, committed 8704K, reserved 1056768K
  class space    used 933K, capacity 976K, committed 1024K, reserved 1048576K

